<?xml version="1.0" encoding="UTF-8"?>
<!-- Generated by org.testng.reporters.JUnitXMLReporter -->
<testsuite ignored="0" hostname="TYSS-Chaithra" failures="0" tests="2" name="Test-Runner-1" time="14.094" errors="0" timestamp="2025-05-03T17:22:46 IST">
  <testcase classname="inventoryTests.AddProductToCartTest" name="sampleTest" time="0.001"/>
  <testcase classname="inventoryTests.AddProductToCartTest" name="tc_01_AddProductToCartTest" time="0.903"/>
</testsuite> <!-- Test-Runner-1 -->
