<?xml version="1.0" encoding="UTF-8"?>
<!-- Generated by org.testng.reporters.JUnitXMLReporter -->
<testsuite ignored="0" hostname="TYSS-Chaithra" failures="0" tests="1" name="Test-Runner-2" time="13.913" errors="0" timestamp="2025-05-03T17:22:46 IST">
  <testcase classname="inventoryTests.AddLowestPriceProductToCartTest" name="tc_02_AddLowestpriceProductToCartTest" time="3.379"/>
</testsuite> <!-- Test-Runner-2 -->
