<?xml version="1.0" encoding="UTF-8"?>
<!-- Generated by org.testng.reporters.JUnitReportReporter -->
<testsuite hostname="TYSS-Chaithra" failures="0" tests="3" name="practice.TestNGPractice" time="0.008" errors="0" timestamp="2025-04-28T17:28:19 IST" skipped="0">
  <testcase classname="practice.TestNGPractice" name="createSample" time="0.001"/>
  <system-out/>
  <testcase classname="practice.TestNGPractice" name="createSample" time="0.007"/>
  <system-out/>
  <testcase classname="practice.TestNGPractice" name="createSample" time="0.000"/>
  <system-out/>
</testsuite> <!-- practice.TestNGPractice -->
